
Primer name 0154
Amplimer 1
	Sequence: CIJF01000013.1  
	Mycobacterium tuberculosis genome assembly 5227_8#2, scaffold ERS013453SCcontig000013, whole genome shotgun sequence
	TACTCGGACGCCGGCTCAAAAT hits forward strand at 47839 with 0 mismatches
	TGGACTTGCAGCAATGGACCAAC hits reverse strand at [3081] with 0 mismatches
	Amplimer length: 508 bp

Primer name 0424

Primer name 0577
Amplimer 1
	Sequence: CIJF01000049.1  
	Mycobacterium tuberculosis genome assembly 5227_8#2, scaffold ERS013453SCcontig000049, whole genome shotgun sequence
	AATGACTTGAACGCGCAAATTGTGA hits forward strand at 18474 with 0 mismatches
	CGAGAGTGGCAGTGGCGGTTATCT hits reverse strand at [7273] with 0 mismatches
	Amplimer length: 266 bp

Primer name 0580
Amplimer 1
	Sequence: CIJF01000049.1  
	Mycobacterium tuberculosis genome assembly 5227_8#2, scaffold ERS013453SCcontig000049, whole genome shotgun sequence
	GCGCAGCAGAAACGCCAGC hits forward strand at 15301 with 0 mismatches
	GCGCGAGAGCCCGAACTGC hits reverse strand at [10460] with 0 mismatches
	Amplimer length: 252 bp

Primer name 0802
Amplimer 1
	Sequence: CIJF01000008.1  
	Mycobacterium tuberculosis genome assembly 5227_8#2, scaffold ERS013453SCcontig000008, whole genome shotgun sequence
	GGGTGATCTCGGCGAAATCAGATA hits forward strand at 2341 with 0 mismatches
	GGGTTGCTGGATGACAACGTGT hits reverse strand at [54450] with 0 mismatches
	Amplimer length: 462 bp

Primer name 0960
Amplimer 1
	Sequence: CIJF01000185.1  
	Mycobacterium tuberculosis genome assembly 5227_8#2, scaffold ERS013453SCcontig000185, whole genome shotgun sequence
	GCCACCTTGGTGATCAGCTACCT hits forward strand at 4179 with 0 mismatches
	GTTCTTGACCAACTGCAGTCGTCC hits reverse strand at [1363] with 0 mismatches
	Amplimer length: 590 bp

Primer name 1644
Amplimer 1
	Sequence: CIJF01000156.2  
	Mycobacterium tuberculosis genome assembly 5227_8#2, scaffold ERS013453SCcontig000156, whole genome shotgun sequence
	CCCGTCGTGCAGCCCTGGTAC hits forward strand at 1730 with 0 mismatches
	TCGGTGATCGGGTCCAGTCCAAGTA hits reverse strand at [6251] with 0 mismatches
	Amplimer length: 671 bp

Primer name 1955

Primer name 2059
Amplimer 1
	Sequence: CIJF01000091.1  
	Mycobacterium tuberculosis genome assembly 5227_8#2, scaffold ERS013453SCcontig000091, whole genome shotgun sequence
	TCGGAGAGATGCCCTTCGAGTTAG hits forward strand at 14106 with 0 mismatches
	GGAGACCGCGACCAGGTACTTGTA hits reverse strand at [1371] with 0 mismatches
	Amplimer length: 591 bp

Primer name 2163b

Primer name 2165

Primer name 2347

Primer name 2401

Primer name 2461
Amplimer 1
	Sequence: CIJF01000101.1  
	Mycobacterium tuberculosis genome assembly 5227_8#2, scaffold ERS013453SCcontig000101, whole genome shotgun sequence
	ATGGCCACCCGATACCGCTTCAGT hits forward strand at 8585 with 0 mismatches
	CGACGGGCCATCTTGGATCAGCTAC hits reverse strand at [5394] with 0 mismatches
	Amplimer length: 461 bp

Primer name 2531
Amplimer 1
	Sequence: CIJF01000045.1  
	Mycobacterium tuberculosis genome assembly 5227_8#2, scaffold ERS013453SCcontig000045, whole genome shotgun sequence
	CTGTCGATGGCCGCAACAAAACG hits forward strand at 22730 with 0 mismatches
	AGCTCAACGGGTTCGCCCTTTTGTC hits reverse strand at [3962] with 0 mismatches
	Amplimer length: 253 bp

Primer name 2687
Amplimer 1
	Sequence: CIJF01000016.1  
	Mycobacterium tuberculosis genome assembly 5227_8#2, scaffold ERS013453SCcontig000016, whole genome shotgun sequence
	CGACCAAGATGTGCAGGAATACAT hits forward strand at 40003 with 0 mismatches
	GGGCGAGTTGAGCTCACAGAA hits reverse strand at [5838] with 0 mismatches
	Amplimer length: 447 bp

Primer name 2996

Primer name 3007
Amplimer 1
	Sequence: CIJF01000014.1  
	Mycobacterium tuberculosis genome assembly 5227_8#2, scaffold ERS013453SCcontig000014, whole genome shotgun sequence
	GCGATGTGAGCGTGCCACTCAA hits forward strand at 37551 with 0 mismatches
	TCGAAAGCCTCTGCGTGCCAGTAA hits reverse strand at [10780] with 0 mismatches
	Amplimer length: 551 bp

Primer name 3171
Amplimer 1
	Sequence: CIJF01000044.1  
	Mycobacterium tuberculosis genome assembly 5227_8#2, scaffold ERS013453SCcontig000044, whole genome shotgun sequence
	GGCTCTCATTGCTGGAGGGTTGTAC hits forward strand at 20402 with 0 mismatches
	GGTGCGCACCTGCTCCAGATAA hits reverse strand at [7436] with 0 mismatches
	Amplimer length: 434 bp

Primer name 3192

Primer name 3690
Amplimer 1
	Sequence: CIJF01000047.1  
	Mycobacterium tuberculosis genome assembly 5227_8#2, scaffold ERS013453SCcontig000047, whole genome shotgun sequence
	TAGAGCGGCACGGGGGAAAGCTTAG hits forward strand at 16479 with 0 mismatches
	CGGTGGAGGCGATGAACGTCTTC hits reverse strand at [9440] with 0 mismatches
	Amplimer length: 388 bp

Primer name 4052

Primer name 4156

Primer name 4348
Amplimer 1
	Sequence: CIJF01000037.1  
	Mycobacterium tuberculosis genome assembly 5227_8#2, scaffold ERS013453SCcontig000037, whole genome shotgun sequence
	CGCATCGACAAACTGGAGCCAAAC hits forward strand at 29109 with 0 mismatches
	CGGAAACGTCTACGCCCCACACAT hits reverse strand at [4245] with 0 mismatches
	Amplimer length: 646 bp
